ca65 V2.19 - Git 3caceb81
Main file   : banner.s
Current file: banner.s

000000r 1               ;
000000r 1               ; File generated by cc65 v 2.19 - Git 3caceb81
000000r 1               ;
000000r 1               	.fopt		compiler,"cc65 v 2.19 - Git 3caceb81"
000000r 1               	.setcpu		"65C02"
000000r 1               	.smart		on
000000r 1               	.autoimport	on
000000r 1               	.case		on
000000r 1               	.debuginfo	off
000000r 1               	.importzp	sp, sreg, regsave, regbank
000000r 1               	.importzp	tmp1, tmp2, tmp3, tmp4, ptr1, ptr2, ptr3, ptr4
000000r 1               	.macpack	longbranch
000000r 2               .macro  jeq     Target
000000r 2                       .if     .match(Target, 0)
000000r 2                       bne     *+5
000000r 2                       jmp     Target
000000r 2                       .elseif .def(Target) .and .const((*-2)-(Target)) .and ((*+2)-(Target) <= 127)
000000r 2                               beq     Target
000000r 2                       .else
000000r 2                               bne     *+5
000000r 2                               jmp     Target
000000r 2                       .endif
000000r 2               .endmacro
000000r 2               .macro  jne     Target
000000r 2                       .if     .match(Target, 0)
000000r 2                               beq     *+5
000000r 2                               jmp     Target
000000r 2                       .elseif .def(Target) .and .const((*-2)-(Target)) .and ((*+2)-(Target) <= 127)
000000r 2                               bne     Target
000000r 2                       .else
000000r 2                               beq     *+5
000000r 2                               jmp     Target
000000r 2                       .endif
000000r 2               .endmacro
000000r 2               .macro  jmi     Target
000000r 2                       .if     .match(Target, 0)
000000r 2                               bpl     *+5
000000r 2                               jmp     Target
000000r 2                       .elseif .def(Target) .and .const((*-2)-(Target)) .and ((*+2)-(Target) <= 127)
000000r 2                               bmi     Target
000000r 2                       .else
000000r 2                               bpl     *+5
000000r 2                               jmp     Target
000000r 2                       .endif
000000r 2               .endmacro
000000r 2               .macro  jpl     Target
000000r 2                       .if     .match(Target, 0)
000000r 2                               bmi     *+5
000000r 2                               jmp     Target
000000r 2                       .elseif .def(Target) .and .const((*-2)-(Target)) .and ((*+2)-(Target) <= 127)
000000r 2                               bpl     Target
000000r 2                       .else
000000r 2                               bmi     *+5
000000r 2                               jmp     Target
000000r 2                       .endif
000000r 2               .endmacro
000000r 2               .macro  jcs     Target
000000r 2                       .if     .match(Target, 0)
000000r 2                               bcc     *+5
000000r 2                               jmp     Target
000000r 2                       .elseif .def(Target) .and .const((*-2)-(Target)) .and ((*+2)-(Target) <= 127)
000000r 2                               bcs     Target
000000r 2                       .else
000000r 2                               bcc     *+5
000000r 2                               jmp     Target
000000r 2                       .endif
000000r 2               .endmacro
000000r 2               .macro  jcc     Target
000000r 2                       .if     .match(Target, 0)
000000r 2                               bcs     *+5
000000r 2                               jmp     Target
000000r 2                       .elseif .def(Target) .and .const((*-2)-(Target)) .and ((*+2)-(Target) <= 127)
000000r 2                               bcc     Target
000000r 2                       .else
000000r 2                               bcs     *+5
000000r 2                               jmp     Target
000000r 2                       .endif
000000r 2               .endmacro
000000r 2               .macro  jvs     Target
000000r 2                       .if     .match(Target, 0)
000000r 2                               bvc     *+5
000000r 2                               jmp     Target
000000r 2                       .elseif .def(Target) .and .const((*-2)-(Target)) .and ((*+2)-(Target) <= 127)
000000r 2                               bvs     Target
000000r 2                       .else
000000r 2                               bvc     *+5
000000r 2                               jmp     Target
000000r 2                       .endif
000000r 2               .endmacro
000000r 2               .macro  jvc     Target
000000r 2                       .if     .match(Target, 0)
000000r 2                               bvs     *+5
000000r 2                               jmp     Target
000000r 2                       .elseif .def(Target) .and .const((*-2)-(Target)) .and ((*+2)-(Target) <= 127)
000000r 2                               bvc     Target
000000r 2                       .else
000000r 2                               bvs     *+5
000000r 2                               jmp     Target
000000r 2                       .endif
000000r 2               .endmacro
000000r 2               
000000r 1               	.import		_abs
000000r 1               	.export		_init_banner
000000r 1               	.export		_update_banner
000000r 1               
000000r 1               ; ---------------------------------------------------------------
000000r 1               ; void __near__ init_banner (struct banner_t *banner, unsigned int addr, unsigned char tilespec, unsigned char layout)
000000r 1               ; ---------------------------------------------------------------
000000r 1               
000000r 1               .segment	"CODE"
000000r 1               
000000r 1               .proc	_init_banner: near
000000r 1               
000000r 1               .segment	"CODE"
000000r 1               
000000r 1  20 rr rr     	jsr     pusha
000003r 1  A0 05        	ldy     #$05
000005r 1  20 rr rr     	jsr     ldaxysp
000008r 1  85 rr        	sta     ptr1
00000Ar 1  86 rr        	stx     ptr1+1
00000Cr 1  A9 00        	lda     #$00
00000Er 1  A0 03        	ldy     #$03
000010r 1  91 rr        	sta     (ptr1),y
000012r 1  C8           	iny
000013r 1  91 rr        	sta     (ptr1),y
000015r 1  C8           	iny
000016r 1  20 rr rr     	jsr     ldaxysp
000019r 1  85 rr        	sta     ptr1
00001Br 1  86 rr        	stx     ptr1+1
00001Dr 1  A9 F0        	lda     #$F0
00001Fr 1  A0 05        	ldy     #$05
000021r 1  91 rr        	sta     (ptr1),y
000023r 1  C8           	iny
000024r 1  A9 00        	lda     #$00
000026r 1  91 rr        	sta     (ptr1),y
000028r 1  88           	dey
000029r 1  20 rr rr     	jsr     ldaxysp
00002Cr 1  85 rr        	sta     ptr1
00002Er 1  86 rr        	stx     ptr1+1
000030r 1  A9 00        	lda     #$00
000032r 1  A0 09        	ldy     #$09
000034r 1  91 rr        	sta     (ptr1),y
000036r 1  A0 05        	ldy     #$05
000038r 1  20 rr rr     	jsr     ldaxysp
00003Br 1  85 rr        	sta     ptr1
00003Dr 1  86 rr        	stx     ptr1+1
00003Fr 1  A9 00        	lda     #$00
000041r 1  A0 07        	ldy     #$07
000043r 1  91 rr        	sta     (ptr1),y
000045r 1  C8           	iny
000046r 1  91 rr        	sta     (ptr1),y
000048r 1  A0 05        	ldy     #$05
00004Ar 1  20 rr rr     	jsr     ldaxysp
00004Dr 1  85 rr        	sta     ptr1
00004Fr 1  86 rr        	stx     ptr1+1
000051r 1  A0 03        	ldy     #$03
000053r 1  20 rr rr     	jsr     ldaxysp
000056r 1  92 rr        	sta     (ptr1)
000058r 1  A0 01        	ldy     #$01
00005Ar 1  8A           	txa
00005Br 1  91 rr        	sta     (ptr1),y
00005Dr 1  A0 05        	ldy     #$05
00005Fr 1  20 rr rr     	jsr     ldaxysp
000062r 1  85 rr        	sta     ptr1
000064r 1  86 rr        	stx     ptr1+1
000066r 1  A0 01        	ldy     #$01
000068r 1  B1 rr        	lda     (sp),y
00006Ar 1  C8           	iny
00006Br 1  91 rr        	sta     (ptr1),y
00006Dr 1  A0 05        	ldy     #$05
00006Fr 1  20 rr rr     	jsr     ldaxysp
000072r 1  85 rr        	sta     ptr1
000074r 1  86 rr        	stx     ptr1+1
000076r 1  B2 rr        	lda     (sp)
000078r 1  29 0F        	and     #$0F
00007Ar 1  A0 0B        	ldy     #$0B
00007Cr 1  91 rr        	sta     (ptr1),y
00007Er 1  A0 07        	ldy     #$07
000080r 1  20 rr rr     	jsr     pushwysp
000083r 1  A0 07        	ldy     #$07
000085r 1  20 rr rr     	jsr     ldaxysp
000088r 1  85 rr        	sta     ptr1
00008Ar 1  86 rr        	stx     ptr1+1
00008Cr 1  A0 0B        	ldy     #$0B
00008Er 1  B1 rr        	lda     (ptr1),y
000090r 1  20 rr rr     	jsr     pusha0
000093r 1  A0 04        	ldy     #$04
000095r 1  B1 rr        	lda     (sp),y
000097r 1  4A           	lsr     a
000098r 1  4A           	lsr     a
000099r 1  4A           	lsr     a
00009Ar 1  4A           	lsr     a
00009Br 1  20 rr rr     	jsr     tosmula0
00009Er 1  A0 0A        	ldy     #$0A
0000A0r 1  20 rr rr     	jsr     staspidx
0000A3r 1  A0 05        	ldy     #$05
0000A5r 1  20 rr rr     	jsr     ldaxysp
0000A8r 1  85 rr        	sta     ptr1
0000AAr 1  86 rr        	stx     ptr1+1
0000ACr 1  A0 01        	ldy     #$01
0000AEr 1  B1 rr        	lda     (sp),y
0000B0r 1  4A           	lsr     a
0000B1r 1  4A           	lsr     a
0000B2r 1  4A           	lsr     a
0000B3r 1  4A           	lsr     a
0000B4r 1  4A           	lsr     a
0000B5r 1  4A           	lsr     a
0000B6r 1  A8           	tay
0000B7r 1  A9 08        	lda     #$08
0000B9r 1  A2 00        	ldx     #$00
0000BBr 1  20 rr rr     	jsr     aslaxy
0000BEr 1  A0 0C        	ldy     #$0C
0000C0r 1  91 rr        	sta     (ptr1),y
0000C2r 1  A0 05        	ldy     #$05
0000C4r 1  20 rr rr     	jsr     ldaxysp
0000C7r 1  85 rr        	sta     ptr1
0000C9r 1  86 rr        	stx     ptr1+1
0000CBr 1  A0 01        	ldy     #$01
0000CDr 1  B1 rr        	lda     (sp),y
0000CFr 1  29 30        	and     #$30
0000D1r 1  4A           	lsr     a
0000D2r 1  4A           	lsr     a
0000D3r 1  4A           	lsr     a
0000D4r 1  4A           	lsr     a
0000D5r 1  A8           	tay
0000D6r 1  A9 08        	lda     #$08
0000D8r 1  A2 00        	ldx     #$00
0000DAr 1  20 rr rr     	jsr     aslaxy
0000DDr 1  A0 0D        	ldy     #$0D
0000DFr 1  91 rr        	sta     (ptr1),y
0000E1r 1  A0 07        	ldy     #$07
0000E3r 1  20 rr rr     	jsr     pushwysp
0000E6r 1  A0 07        	ldy     #$07
0000E8r 1  20 rr rr     	jsr     ldaxysp
0000EBr 1  85 rr        	sta     ptr1
0000EDr 1  86 rr        	stx     ptr1+1
0000EFr 1  A0 0C        	ldy     #$0C
0000F1r 1  B1 rr        	lda     (ptr1),y
0000F3r 1  20 rr rr     	jsr     pusha0
0000F6r 1  A0 09        	ldy     #$09
0000F8r 1  20 rr rr     	jsr     ldaxysp
0000FBr 1  85 rr        	sta     ptr1
0000FDr 1  86 rr        	stx     ptr1+1
0000FFr 1  A0 0D        	ldy     #$0D
000101r 1  B1 rr        	lda     (ptr1),y
000103r 1  20 rr rr     	jsr     tosumula0
000106r 1  20 rr rr     	jsr     pushax
000109r 1  A9 02        	lda     #$02
00010Br 1  20 rr rr     	jsr     tosdiva0
00010Er 1  20 rr rr     	jsr     asrax4
000111r 1  20 rr rr     	jsr     asrax1
000114r 1  A0 0E        	ldy     #$0E
000116r 1  20 rr rr     	jsr     staspidx
000119r 1  4C rr rr     	jmp     incsp6
00011Cr 1               
00011Cr 1               .endproc
00011Cr 1               
00011Cr 1               ; ---------------------------------------------------------------
00011Cr 1               ; unsigned char *__near__ update_banner (struct banner_t *banner, unsigned char *spregs)
00011Cr 1               ; ---------------------------------------------------------------
00011Cr 1               
00011Cr 1               .segment	"CODE"
00011Cr 1               
00011Cr 1               .proc	_update_banner: near
00011Cr 1               
00011Cr 1               .segment	"CODE"
00011Cr 1               
00011Cr 1  20 rr rr     	jsr     pushax
00011Fr 1  20 rr rr     	jsr     decsp8
000122r 1  A0 0B        	ldy     #$0B
000124r 1  20 rr rr     	jsr     ldaxysp
000127r 1  A0 09        	ldy     #$09
000129r 1  20 rr rr     	jsr     ldaidx
00012Cr 1  D0 03 4C rr  	jeq     L0006
000130r 1  rr           
000131r 1  A0 0B        	ldy     #$0B
000133r 1  20 rr rr     	jsr     ldaxysp
000136r 1  A0 06        	ldy     #$06
000138r 1  20 rr rr     	jsr     pushwidx
00013Br 1  A0 0D        	ldy     #$0D
00013Dr 1  20 rr rr     	jsr     ldaxysp
000140r 1  A0 08        	ldy     #$08
000142r 1  20 rr rr     	jsr     ldaxidx
000145r 1  20 rr rr     	jsr     tossubax
000148r 1  20 rr rr     	jsr     _abs
00014Br 1  20 rr rr     	jsr     pushax
00014Er 1  A0 0D        	ldy     #$0D
000150r 1  20 rr rr     	jsr     ldaxysp
000153r 1  A0 09        	ldy     #$09
000155r 1  20 rr rr     	jsr     ldaidx
000158r 1  20 rr rr     	jsr     tosicmp
00015Br 1  F0 02        	beq     L0010
00015Dr 1  10 2C        	bpl     L0003
00015Fr 1  A0 0B        L0010:	ldy     #$0B
000161r 1  20 rr rr     	jsr     ldaxysp
000164r 1  85 rr        	sta     ptr1
000166r 1  86 rr        	stx     ptr1+1
000168r 1  A9 00        	lda     #$00
00016Ar 1  A0 09        	ldy     #$09
00016Cr 1  91 rr        	sta     (ptr1),y
00016Er 1  A0 0B        	ldy     #$0B
000170r 1  20 rr rr     	jsr     ldaxysp
000173r 1  85 rr        	sta     sreg
000175r 1  86 rr        	stx     sreg+1
000177r 1  A0 0B        	ldy     #$0B
000179r 1  20 rr rr     	jsr     ldaxysp
00017Cr 1  A0 08        	ldy     #$08
00017Er 1  20 rr rr     	jsr     ldaxidx
000181r 1  A0 05        	ldy     #$05
000183r 1  91 rr        	sta     (sreg),y
000185r 1  C8           	iny
000186r 1  8A           	txa
000187r 1  91 rr        	sta     (sreg),y
000189r 1  80 67        	bra     L0006
00018Br 1  A0 0B        L0003:	ldy     #$0B
00018Dr 1  20 rr rr     	jsr     ldaxysp
000190r 1  A0 06        	ldy     #$06
000192r 1  20 rr rr     	jsr     pushwidx
000195r 1  A0 0D        	ldy     #$0D
000197r 1  20 rr rr     	jsr     ldaxysp
00019Ar 1  A0 08        	ldy     #$08
00019Cr 1  20 rr rr     	jsr     ldaxidx
00019Fr 1  20 rr rr     	jsr     tosicmp
0001A2r 1  10 2F        	bpl     L0005
0001A4r 1  A0 0B        	ldy     #$0B
0001A6r 1  20 rr rr     	jsr     ldaxysp
0001A9r 1  85 rr        	sta     ptr2
0001ABr 1  86 rr        	stx     ptr2+1
0001ADr 1  A0 06        	ldy     #$06
0001AFr 1  20 rr rr     	jsr     ldaxidx
0001B2r 1  85 rr        	sta     sreg
0001B4r 1  86 rr        	stx     sreg+1
0001B6r 1  A0 0B        	ldy     #$0B
0001B8r 1  20 rr rr     	jsr     ldaxysp
0001BBr 1  A0 09        	ldy     #$09
0001BDr 1  20 rr rr     	jsr     ldaidx
0001C0r 1  18           	clc
0001C1r 1  65 rr        	adc     sreg
0001C3r 1  48           	pha
0001C4r 1  8A           	txa
0001C5r 1  65 rr        	adc     sreg+1
0001C7r 1  AA           	tax
0001C8r 1  68           	pla
0001C9r 1  A0 05        	ldy     #$05
0001CBr 1  91 rr        	sta     (ptr2),y
0001CDr 1  C8           	iny
0001CEr 1  8A           	txa
0001CFr 1  91 rr        	sta     (ptr2),y
0001D1r 1  80 1F        	bra     L0006
0001D3r 1  A0 0B        L0005:	ldy     #$0B
0001D5r 1  20 rr rr     	jsr     ldaxysp
0001D8r 1  20 rr rr     	jsr     pushax
0001DBr 1  A0 06        	ldy     #$06
0001DDr 1  20 rr rr     	jsr     pushwidx
0001E0r 1  A0 0F        	ldy     #$0F
0001E2r 1  20 rr rr     	jsr     ldaxysp
0001E5r 1  A0 09        	ldy     #$09
0001E7r 1  20 rr rr     	jsr     ldaidx
0001EAr 1  20 rr rr     	jsr     tossubax
0001EDr 1  A0 05        	ldy     #$05
0001EFr 1  20 rr rr     	jsr     staxspidx
0001F2r 1  A0 0B        L0006:	ldy     #$0B
0001F4r 1  20 rr rr     	jsr     ldaxysp
0001F7r 1  20 rr rr     	jsr     ldaxi
0001FAr 1  20 rr rr     	jsr     stax0sp
0001FDr 1  A0 0B        	ldy     #$0B
0001FFr 1  20 rr rr     	jsr     ldaxysp
000202r 1  A0 04        	ldy     #$04
000204r 1  20 rr rr     	jsr     ldaxidx
000207r 1  A0 04        	ldy     #$04
000209r 1  20 rr rr     	jsr     staxysp
00020Cr 1  A0 0B        	ldy     #$0B
00020Er 1  20 rr rr     	jsr     ldaxysp
000211r 1  A0 06        	ldy     #$06
000213r 1  20 rr rr     	jsr     ldaxidx
000216r 1  A0 02        	ldy     #$02
000218r 1  20 rr rr     	jsr     staxysp
00021Br 1  A9 00        	lda     #$00
00021Dr 1  A0 06        	ldy     #$06
00021Fr 1  91 rr        	sta     (sp),y
000221r 1  C8           	iny
000222r 1  91 rr        L000F:	sta     (sp),y
000224r 1  85 rr        	sta     sreg
000226r 1  A0 0B        	ldy     #$0B
000228r 1  20 rr rr     	jsr     ldaxysp
00022Br 1  85 rr        	sta     ptr1
00022Dr 1  86 rr        	stx     ptr1+1
00022Fr 1  A0 0A        	ldy     #$0A
000231r 1  B1 rr        	lda     (ptr1),y
000233r 1  C5 rr        	cmp     sreg
000235r 1  D0 03 4C rr  	jeq     L0008
000239r 1  rr           
00023Ar 1  B0 03 4C rr  	jcc     L0008
00023Er 1  rr           
00023Fr 1  88           	dey
000240r 1  20 rr rr     	jsr     ldaxysp
000243r 1  85 rr        	sta     ptr1
000245r 1  86 rr        	stx     ptr1+1
000247r 1  B2 rr        	lda     (sp)
000249r 1  92 rr        	sta     (ptr1)
00024Br 1  A0 08        	ldy     #$08
00024Dr 1  A2 00        	ldx     #$00
00024Fr 1  A9 01        	lda     #$01
000251r 1  20 rr rr     	jsr     addeqysp
000254r 1  A0 09        	ldy     #$09
000256r 1  20 rr rr     	jsr     ldaxysp
000259r 1  85 rr        	sta     ptr1
00025Br 1  86 rr        	stx     ptr1+1
00025Dr 1  A0 01        	ldy     #$01
00025Fr 1  B1 rr        	lda     (sp),y
000261r 1  92 rr        	sta     (ptr1)
000263r 1  A0 08        	ldy     #$08
000265r 1  A2 00        	ldx     #$00
000267r 1  A9 01        	lda     #$01
000269r 1  20 rr rr     	jsr     addeqysp
00026Cr 1  A0 0B        	ldy     #$0B
00026Er 1  20 rr rr     	jsr     ldaxysp
000271r 1  85 rr        	sta     ptr1
000273r 1  86 rr        	stx     ptr1+1
000275r 1  A0 0E        	ldy     #$0E
000277r 1  A2 00        	ldx     #$00
000279r 1  B1 rr        	lda     (ptr1),y
00027Br 1  20 rr rr     	jsr     addeq0sp
00027Er 1  A0 09        	ldy     #$09
000280r 1  20 rr rr     	jsr     ldaxysp
000283r 1  85 rr        	sta     ptr1
000285r 1  86 rr        	stx     ptr1+1
000287r 1  A0 04        	ldy     #$04
000289r 1  B1 rr        	lda     (sp),y
00028Br 1  92 rr        	sta     (ptr1)
00028Dr 1  A0 08        	ldy     #$08
00028Fr 1  A2 00        	ldx     #$00
000291r 1  A9 01        	lda     #$01
000293r 1  20 rr rr     	jsr     addeqysp
000296r 1  A0 09        	ldy     #$09
000298r 1  20 rr rr     	jsr     ldaxysp
00029Br 1  85 rr        	sta     ptr1
00029Dr 1  86 rr        	stx     ptr1+1
00029Fr 1  A0 05        	ldy     #$05
0002A1r 1  B1 rr        	lda     (sp),y
0002A3r 1  29 03        	and     #$03
0002A5r 1  92 rr        	sta     (ptr1)
0002A7r 1  A0 08        	ldy     #$08
0002A9r 1  A2 00        	ldx     #$00
0002ABr 1  A9 01        	lda     #$01
0002ADr 1  20 rr rr     	jsr     addeqysp
0002B0r 1  A0 09        	ldy     #$09
0002B2r 1  20 rr rr     	jsr     ldaxysp
0002B5r 1  85 rr        	sta     ptr1
0002B7r 1  86 rr        	stx     ptr1+1
0002B9r 1  A0 02        	ldy     #$02
0002BBr 1  B1 rr        	lda     (sp),y
0002BDr 1  92 rr        	sta     (ptr1)
0002BFr 1  A0 08        	ldy     #$08
0002C1r 1  A2 00        	ldx     #$00
0002C3r 1  A9 01        	lda     #$01
0002C5r 1  20 rr rr     	jsr     addeqysp
0002C8r 1  A0 09        	ldy     #$09
0002CAr 1  20 rr rr     	jsr     ldaxysp
0002CDr 1  85 rr        	sta     ptr1
0002CFr 1  86 rr        	stx     ptr1+1
0002D1r 1  A0 03        	ldy     #$03
0002D3r 1  B1 rr        	lda     (sp),y
0002D5r 1  29 03        	and     #$03
0002D7r 1  92 rr        	sta     (ptr1)
0002D9r 1  A0 08        	ldy     #$08
0002DBr 1  A2 00        	ldx     #$00
0002DDr 1  A9 01        	lda     #$01
0002DFr 1  20 rr rr     	jsr     addeqysp
0002E2r 1  A0 06        	ldy     #$06
0002E4r 1  18           	clc
0002E5r 1  A9 01        	lda     #$01
0002E7r 1  71 rr        	adc     (sp),y
0002E9r 1  91 rr        	sta     (sp),y
0002EBr 1  85 rr        	sta     sreg
0002EDr 1  A0 0B        	ldy     #$0B
0002EFr 1  20 rr rr     	jsr     ldaxysp
0002F2r 1  85 rr        	sta     ptr1
0002F4r 1  86 rr        	stx     ptr1+1
0002F6r 1  A0 0B        	ldy     #$0B
0002F8r 1  B1 rr        	lda     (ptr1),y
0002FAr 1  C5 rr        	cmp     sreg
0002FCr 1  D0 28        	bne     L0011
0002FEr 1  A9 00        	lda     #$00
000300r 1  A0 06        	ldy     #$06
000302r 1  91 rr        	sta     (sp),y
000304r 1  A0 0B        	ldy     #$0B
000306r 1  20 rr rr     	jsr     ldaxysp
000309r 1  A0 04        	ldy     #$04
00030Br 1  20 rr rr     	jsr     ldaxidx
00030Er 1  A0 04        	ldy     #$04
000310r 1  20 rr rr     	jsr     staxysp
000313r 1  A0 0B        	ldy     #$0B
000315r 1  20 rr rr     	jsr     ldaxysp
000318r 1  85 rr        	sta     ptr1
00031Ar 1  86 rr        	stx     ptr1+1
00031Cr 1  A0 0C        	ldy     #$0C
00031Er 1  A2 00        	ldx     #$00
000320r 1  B1 rr        	lda     (ptr1),y
000322r 1  A0 02        	ldy     #$02
000324r 1  80 0F        	bra     L000E
000326r 1  20 rr rr     L0011:	jsr     ldaxysp
000329r 1  85 rr        	sta     ptr1
00032Br 1  86 rr        	stx     ptr1+1
00032Dr 1  A0 0D        	ldy     #$0D
00032Fr 1  A2 00        	ldx     #$00
000331r 1  B1 rr        	lda     (ptr1),y
000333r 1  A0 04        	ldy     #$04
000335r 1  20 rr rr     L000E:	jsr     addeqysp
000338r 1  A0 09        	ldy     #$09
00033Ar 1  20 rr rr     	jsr     ldaxysp
00033Dr 1  85 rr        	sta     ptr1
00033Fr 1  86 rr        	stx     ptr1+1
000341r 1  A9 0C        	lda     #$0C
000343r 1  92 rr        	sta     (ptr1)
000345r 1  A0 08        	ldy     #$08
000347r 1  A2 00        	ldx     #$00
000349r 1  A9 01        	lda     #$01
00034Br 1  20 rr rr     	jsr     addeqysp
00034Er 1  A0 09        	ldy     #$09
000350r 1  20 rr rr     	jsr     ldaxysp
000353r 1  85 rr        	sta     sreg
000355r 1  86 rr        	stx     sreg+1
000357r 1  A0 0B        	ldy     #$0B
000359r 1  20 rr rr     	jsr     ldaxysp
00035Cr 1  85 rr        	sta     ptr1
00035Er 1  86 rr        	stx     ptr1+1
000360r 1  A0 02        	ldy     #$02
000362r 1  B1 rr        	lda     (ptr1),y
000364r 1  92 rr        	sta     (sreg)
000366r 1  A0 08        	ldy     #$08
000368r 1  A2 00        	ldx     #$00
00036Ar 1  A9 01        	lda     #$01
00036Cr 1  20 rr rr     	jsr     addeqysp
00036Fr 1  A0 07        	ldy     #$07
000371r 1  18           	clc
000372r 1  A9 01        	lda     #$01
000374r 1  71 rr        	adc     (sp),y
000376r 1  4C rr rr     	jmp     L000F
000379r 1  88           L0008:	dey
00037Ar 1  20 rr rr     	jsr     ldaxysp
00037Dr 1  A0 0C        	ldy     #$0C
00037Fr 1  4C rr rr     	jmp     addysp
000382r 1               
000382r 1               .endproc
000382r 1               
000382r 1               
